<?xml version="1.0" encoding="utf-8"?><testsuites name="pytest tests"><testsuite name="pytest" errors="0" failures="0" skipped="0" tests="7" time="2.064" timestamp="2026-07-24T17:18:00.491998+00:00" hostname="agent-env-b447aa64-9c7b-4bd5-bee3-37625e9f6957"><testcase classname="backend.tests.test_product_attributes" name="test_get_product_with_attributes" time="0.128" /><testcase classname="backend.tests.test_product_attributes" name="test_get_product_without_attributes" time="0.103" /><testcase classname="backend.tests.test_product_attributes" name="test_admin_login" time="0.454" /><testcase classname="backend.tests.test_product_attributes" name="test_create_persists_attributes" time="0.425" /><testcase classname="backend.tests.test_product_attributes" name="test_patch_updates_attributes" time="0.227" /><testcase classname="backend.tests.test_product_attributes" name="test_patch_clears_attributes" time="0.227" /><testcase classname="backend.tests.test_product_attributes" name="test_cart_add_with_size_regression" time="0.443" /></testsuite></testsuites>