<?xml version="1.0" encoding="utf-8"?><testsuites name="pytest tests"><testsuite name="pytest" errors="0" failures="0" skipped="0" tests="10" time="2.075" timestamp="2026-07-21T13:17:39.887211+00:00" hostname="agent-env-a6f243f5-a8e7-469c-95b2-1b9e220a6ba8"><testcase classname="tests.test_discovery" name="test_related_returns_up_to_4" time="0.248" /><testcase classname="tests.test_discovery" name="test_related_404_on_bad_slug" time="0.106" /><testcase classname="tests.test_discovery" name="test_fbt_returns_up_to_3" time="0.138" /><testcase classname="tests.test_discovery" name="test_fbt_404_bad_slug" time="0.158" /><testcase classname="tests.test_discovery" name="test_suggestions_empty_q" time="0.114" /><testcase classname="tests.test_discovery" name="test_suggestions_wool" time="0.206" /><testcase classname="tests.test_discovery" name="test_suggestions_case_insensitive" time="0.262" /><testcase classname="tests.test_discovery" name="test_suggestions_max_6" time="0.119" /><testcase classname="tests.test_discovery" name="test_product_by_bad_slug_returns_404_not_500" time="0.100" /><testcase classname="tests.test_discovery" name="test_product_by_good_slug" time="0.114" /></testsuite></testsuites>