<?xml version="1.0" encoding="utf-8"?><testsuites name="pytest tests"><testsuite name="pytest" errors="0" failures="0" skipped="0" tests="12" time="3.347" timestamp="2026-07-21T13:40:01.687084+00:00" hostname="agent-env-a6f243f5-a8e7-469c-95b2-1b9e220a6ba8"><testcase classname="tests.test_cart_checkout_features.TestGuestCheckout" name="test_guest_session_creates_user" time="0.206" /><testcase classname="tests.test_cart_checkout_features.TestShippingEstimator" name="test_metro_below_threshold_paid" time="0.183" /><testcase classname="tests.test_cart_checkout_features.TestShippingEstimator" name="test_metro_above_threshold_free" time="0.072" /><testcase classname="tests.test_cart_checkout_features.TestGuestCheckout" name="test_guest_add_to_cart_and_cod_order" time="0.371" /><testcase classname="tests.test_cart_checkout_features.TestShippingEstimator" name="test_standard_below_threshold" time="0.067" /><testcase classname="tests.test_cart_checkout_features.TestShippingEstimator" name="test_standard_above_threshold_free" time="0.068" /><testcase classname="tests.test_cart_checkout_features.TestShippingEstimator" name="test_invalid_pincode_short" time="0.066" /><testcase classname="tests.test_cart_checkout_features.TestShippingEstimator" name="test_invalid_pincode_nondigit" time="0.071" /><testcase classname="tests.test_cart_checkout_features.TestGuestCheckout" name="test_guest_details_email_taken_is_ignored" time="0.128" /><testcase classname="tests.test_cart_checkout_features.TestSaveForLater" name="test_toggle_and_get_flag" time="0.881" /><testcase classname="tests.test_cart_checkout_features.TestSaveForLater" name="test_order_skips_saved_items_and_retains" time="0.649" /><testcase classname="tests.test_cart_checkout_features.TestSaveForLater" name="test_all_saved_blocks_order" time="0.582" /></testsuite></testsuites>