<?xml version="1.0" encoding="utf-8"?><testsuites name="pytest tests"><testsuite name="pytest" errors="0" failures="0" skipped="0" tests="12" time="4.921" timestamp="2026-07-21T13:02:51.330348+00:00" hostname="agent-env-a6f243f5-a8e7-469c-95b2-1b9e220a6ba8"><testcase classname="tests.test_orders_lifecycle" name="test_cancel_order_restocks_and_refunds_payment" time="1.311" /><testcase classname="tests.test_orders_lifecycle" name="test_cancel_order_twice_returns_400" time="0.372" /><testcase classname="tests.test_orders_lifecycle" name="test_cancel_shipped_order_returns_400" time="0.347" /><testcase classname="tests.test_orders_lifecycle" name="test_cancel_other_users_order_returns_404" time="0.666" /><testcase classname="tests.test_orders_lifecycle" name="test_return_before_delivered_returns_400" time="0.300" /><testcase classname="tests.test_orders_lifecycle" name="test_return_missing_reason_returns_400" time="0.335" /><testcase classname="tests.test_orders_lifecycle" name="test_return_created_on_delivered" time="0.346" /><testcase classname="tests.test_orders_lifecycle" name="test_duplicate_open_return_returns_400" time="0.053" /><testcase classname="tests.test_orders_lifecycle" name="test_admin_returns_rbac" time="0.052" /><testcase classname="tests.test_orders_lifecycle" name="test_admin_returns_list" time="0.051" /><testcase classname="tests.test_orders_lifecycle" name="test_admin_return_full_lifecycle" time="0.598" /><testcase classname="tests.test_orders_lifecycle" name="test_admin_reject_return" time="0.413" /></testsuite></testsuites>