<?xml version="1.0" encoding="utf-8"?><testsuites name="pytest tests"><testsuite name="pytest" errors="0" failures="1" skipped="0" tests="10" time="8.644" timestamp="2026-07-21T12:48:29.410690+00:00" hostname="agent-env-a6f243f5-a8e7-469c-95b2-1b9e220a6ba8"><testcase classname="tests.test_payment_hardening" name="test_verify_idempotency_and_signature" time="2.745" /><testcase classname="tests.test_payment_hardening" name="test_verify_invalid_signature" time="1.681" /><testcase classname="tests.test_payment_hardening" name="test_webhook_missing_signature" time="0.143" /><testcase classname="tests.test_payment_hardening" name="test_webhook_invalid_signature" time="0.133" /><testcase classname="tests.test_payment_hardening" name="test_webhook_valid_confirms_and_is_idempotent" time="1.031"><failure message="AssertionError: assert 'PENDING' == 'CONFIRMED'&#10;  &#10;  - CONFIRMED&#10;  + PENDING">backend/tests/test_payment_hardening.py:206: in test_webhook_valid_confirms_and_is_idempotent
    assert order.get("status") == "CONFIRMED"
E   AssertionError: assert 'PENDING' == 'CONFIRMED'
E     
E     - CONFIRMED
E     + PENDING</failure></testcase><testcase classname="tests.test_payment_hardening" name="test_invoice_owner_success" time="0.523" /><testcase classname="tests.test_payment_hardening" name="test_invoice_admin_can_fetch_any" time="0.115" /><testcase classname="tests.test_payment_hardening" name="test_invoice_non_owner_forbidden" time="0.548" /><testcase classname="tests.test_payment_hardening" name="test_invoice_unauthenticated" time="0.112" /><testcase classname="tests.test_payment_hardening" name="test_cod_backtoback" time="1.071" /></testsuite></testsuites>