<?xml version="1.0" encoding="utf-8"?><testsuites name="pytest tests"><testsuite name="pytest" errors="0" failures="0" skipped="0" tests="13" time="4.697" timestamp="2026-07-21T12:27:24.658416+00:00" hostname="agent-env-a6f243f5-a8e7-469c-95b2-1b9e220a6ba8"><testcase classname="tests.test_auth_new.TestRegistration" name="test_register_returns_refresh_and_unverified" time="0.443" /><testcase classname="tests.test_auth_new.TestEmailVerification" name="test_verify_email_from_log" time="1.102" /><testcase classname="tests.test_auth_new.TestEmailVerification" name="test_verify_email_reuse_fails" time="0.048" /><testcase classname="tests.test_auth_new.TestEmailVerification" name="test_verify_email_invalid_token" time="0.046" /><testcase classname="tests.test_auth_new.TestForgotResetPassword" name="test_forgot_password_no_enumeration_unknown_email" time="0.045" /><testcase classname="tests.test_auth_new.TestForgotResetPassword" name="test_forgot_password_known_user_returns_success" time="0.134" /><testcase classname="tests.test_auth_new.TestForgotResetPassword" name="test_reset_password_flow" time="2.177" /><testcase classname="tests.test_auth_new.TestForgotResetPassword" name="test_reset_password_reuse_fails" time="0.059" /><testcase classname="tests.test_auth_new.TestRefreshToken" name="test_refresh_rotates_token" time="0.054" /><testcase classname="tests.test_auth_new.TestRefreshToken" name="test_old_refresh_invalid_after_rotation" time="0.048" /><testcase classname="tests.test_auth_new.TestRefreshToken" name="test_logout_invalidates_refresh" time="0.093" /><testcase classname="tests.test_auth_new.TestRefreshToken" name="test_refresh_with_invalid_token" time="0.049" /><testcase classname="tests.test_auth_new.TestBackwardCompatibility" name="test_login_still_returns_token_and_now_refresh" time="0.346" /></testsuite></testsuites>