<?xml version="1.0" encoding="utf-8"?><testsuites name="pytest tests"><testsuite name="pytest" errors="0" failures="0" skipped="0" tests="26" time="4.297" timestamp="2026-07-21T11:53:00.680356+00:00" hostname="agent-env-a6f243f5-a8e7-469c-95b2-1b9e220a6ba8"><testcase classname="tests.backend_test" name="test_health" time="0.161" /><testcase classname="tests.backend_test" name="test_register_new_user" time="0.344" /><testcase classname="tests.backend_test" name="test_login_user" time="0.337" /><testcase classname="tests.backend_test" name="test_login_invalid" time="0.334" /><testcase classname="tests.backend_test" name="test_me" time="0.051" /><testcase classname="tests.backend_test" name="test_products_list" time="0.052" /><testcase classname="tests.backend_test" name="test_products_search" time="0.050" /><testcase classname="tests.backend_test" name="test_products_category" time="0.053" /><testcase classname="tests.backend_test" name="test_products_sort" time="0.059" /><testcase classname="tests.backend_test" name="test_product_detail" time="0.051" /><testcase classname="tests.backend_test" name="test_cart_flow" time="0.260" /><testcase classname="tests.backend_test" name="test_wishlist_flow" time="0.208" /><testcase classname="tests.backend_test" name="test_coupon_validate" time="0.053" /><testcase classname="tests.backend_test" name="test_create_cod_order" time="0.170" /><testcase classname="tests.backend_test" name="test_my_orders" time="0.061" /><testcase classname="tests.backend_test" name="test_get_order" time="0.055" /><testcase classname="tests.backend_test" name="test_razorpay_create_order" time="0.979" /><testcase classname="tests.backend_test" name="test_reviews_for_product" time="0.053" /><testcase classname="tests.backend_test" name="test_can_review" time="0.053" /><testcase classname="tests.backend_test" name="test_admin_stats" time="0.394" /><testcase classname="tests.backend_test" name="test_admin_orders" time="0.055" /><testcase classname="tests.backend_test" name="test_admin_inventory" time="0.059" /><testcase classname="tests.backend_test" name="test_admin_customers" time="0.051" /><testcase classname="tests.backend_test" name="test_rbac_non_admin_forbidden" time="0.050" /><testcase classname="tests.backend_test" name="test_admin_update_order_status" time="0.110" /><testcase classname="tests.backend_test" name="test_admin_create_product" time="0.104" /></testsuite></testsuites>