<?xml version="1.0" encoding="utf-8"?><testsuites name="pytest tests"><testsuite name="pytest" errors="0" failures="0" skipped="0" tests="18" time="27.239" timestamp="2026-07-23T08:27:02.807376+00:00" hostname="agent-env-d558cfe5-5754-479f-9b3d-d01f1b4b5a8f"><testcase classname="tests.backend_test.TestAddresses" name="test_list_addresses" time="1.693" /><testcase classname="tests.backend_test.TestAddresses" name="test_create_address" time="1.615" /><testcase classname="tests.backend_test.TestAddresses" name="test_set_default" time="2.256" /><testcase classname="tests.backend_test.TestAddresses" name="test_update_address" time="2.407" /><testcase classname="tests.backend_test.TestAddresses" name="test_xss_sanitization" time="2.203" /><testcase classname="tests.backend_test.TestAddresses" name="test_delete_address" time="1.399" /><testcase classname="tests.backend_test.TestNotifications" name="test_list_notifications" time="0.774" /><testcase classname="tests.backend_test.TestNotifications" name="test_mark_all_read" time="0.957" /><testcase classname="tests.backend_test.TestRecentlyViewed" name="test_record_view" time="3.447" /><testcase classname="tests.backend_test.TestRecentlyViewed" name="test_list_recently_viewed" time="1.213" /><testcase classname="tests.backend_test.TestAdminAnalytics" name="test_sales" time="1.558" /><testcase classname="tests.backend_test.TestAdminAnalytics" name="test_revenue" time="0.756" /><testcase classname="tests.backend_test.TestAdminAnalytics" name="test_customers" time="0.746" /><testcase classname="tests.backend_test.TestAdminAnalytics" name="test_low_stock" time="1.629" /><testcase classname="tests.backend_test.TestAdminAnalytics" name="test_inventory_list" time="1.190" /><testcase classname="tests.backend_test.TestAdminAnalytics" name="test_export_orders_csv" time="2.699" /><testcase classname="tests.backend_test.TestSEO" name="test_robots" time="0.091" /><testcase classname="tests.backend_test.TestSEO" name="test_sitemap" time="0.532" /></testsuite></testsuites>