<?xml version="1.0" encoding="utf-8"?><testsuites name="pytest tests"><testsuite name="pytest" errors="0" failures="0" skipped="0" tests="39" time="8.750" timestamp="2026-07-21T13:03:01.747682+00:00" hostname="agent-env-a6f243f5-a8e7-469c-95b2-1b9e220a6ba8"><testcase classname="" name="test_health" time="0.125" /><testcase classname="" name="test_register_new_user" time="0.350" /><testcase classname="" name="test_login_user" time="0.357" /><testcase classname="" name="test_login_invalid" time="0.337" /><testcase classname="" name="test_me" time="0.051" /><testcase classname="" name="test_products_list" time="0.048" /><testcase classname="" name="test_products_search" time="0.048" /><testcase classname="" name="test_products_category" time="0.053" /><testcase classname="" name="test_products_sort" time="0.047" /><testcase classname="" name="test_product_detail" time="0.045" /><testcase classname="" name="test_cart_flow" time="0.231" /><testcase classname="" name="test_wishlist_flow" time="0.181" /><testcase classname="" name="test_coupon_validate" time="0.045" /><testcase classname="" name="test_create_cod_order" time="0.140" /><testcase classname="" name="test_my_orders" time="0.045" /><testcase classname="" name="test_get_order" time="0.047" /><testcase classname="" name="test_razorpay_create_order" time="0.974" /><testcase classname="" name="test_reviews_for_product" time="0.049" /><testcase classname="" name="test_can_review" time="0.060" /><testcase classname="" name="test_admin_stats" time="0.393" /><testcase classname="" name="test_admin_orders" time="0.057" /><testcase classname="" name="test_admin_inventory" time="0.048" /><testcase classname="" name="test_admin_customers" time="0.067" /><testcase classname="" name="test_rbac_non_admin_forbidden" time="0.046" /><testcase classname="" name="test_admin_update_order_status" time="0.094" /><testcase classname="" name="test_admin_create_product" time="0.098" /><testcase classname="tests.test_auth_new.TestRegistration" name="test_register_returns_refresh_and_unverified" time="0.402" /><testcase classname="tests.test_auth_new.TestEmailVerification" name="test_verify_email_from_log" time="1.124" /><testcase classname="tests.test_auth_new.TestEmailVerification" name="test_verify_email_reuse_fails" time="0.049" /><testcase classname="tests.test_auth_new.TestEmailVerification" name="test_verify_email_invalid_token" time="0.049" /><testcase classname="tests.test_auth_new.TestForgotResetPassword" name="test_forgot_password_no_enumeration_unknown_email" time="0.048" /><testcase classname="tests.test_auth_new.TestForgotResetPassword" name="test_forgot_password_known_user_returns_success" time="0.142" /><testcase classname="tests.test_auth_new.TestForgotResetPassword" name="test_reset_password_flow" time="2.190" /><testcase classname="tests.test_auth_new.TestForgotResetPassword" name="test_reset_password_reuse_fails" time="0.058" /><testcase classname="tests.test_auth_new.TestRefreshToken" name="test_refresh_rotates_token" time="0.051" /><testcase classname="tests.test_auth_new.TestRefreshToken" name="test_old_refresh_invalid_after_rotation" time="0.045" /><testcase classname="tests.test_auth_new.TestRefreshToken" name="test_logout_invalidates_refresh" time="0.095" /><testcase classname="tests.test_auth_new.TestRefreshToken" name="test_refresh_with_invalid_token" time="0.049" /><testcase classname="tests.test_auth_new.TestBackwardCompatibility" name="test_login_still_returns_token_and_now_refresh" time="0.348" /></testsuite></testsuites>