<?xml version="1.0" encoding="utf-8"?><testsuites name="pytest tests"><testsuite name="pytest" errors="0" failures="0" skipped="0" tests="71" time="25.083" timestamp="2026-07-21T13:40:21.041246+00:00" hostname="agent-env-a6f243f5-a8e7-469c-95b2-1b9e220a6ba8"><testcase classname="" name="test_health" time="0.155" /><testcase classname="" name="test_register_new_user" time="0.366" /><testcase classname="" name="test_login_user" time="0.355" /><testcase classname="" name="test_login_invalid" time="0.423" /><testcase classname="" name="test_me" time="0.071" /><testcase classname="" name="test_products_list" time="0.068" /><testcase classname="" name="test_products_search" time="0.077" /><testcase classname="" name="test_products_category" time="0.072" /><testcase classname="" name="test_products_sort" time="0.073" /><testcase classname="" name="test_product_detail" time="0.067" /><testcase classname="" name="test_cart_flow" time="0.363" /><testcase classname="" name="test_wishlist_flow" time="0.285" /><testcase classname="" name="test_coupon_validate" time="0.077" /><testcase classname="" name="test_create_cod_order" time="0.218" /><testcase classname="" name="test_my_orders" time="0.077" /><testcase classname="" name="test_get_order" time="0.075" /><testcase classname="" name="test_razorpay_create_order" time="1.034" /><testcase classname="" name="test_reviews_for_product" time="0.071" /><testcase classname="" name="test_can_review" time="0.080" /><testcase classname="" name="test_admin_stats" time="0.492" /><testcase classname="" name="test_admin_orders" time="0.086" /><testcase classname="" name="test_admin_inventory" time="0.074" /><testcase classname="" name="test_admin_customers" time="0.070" /><testcase classname="" name="test_rbac_non_admin_forbidden" time="0.071" /><testcase classname="" name="test_admin_update_order_status" time="0.212" /><testcase classname="" name="test_admin_create_product" time="0.177" /><testcase classname="tests.test_auth_new.TestRegistration" name="test_register_returns_refresh_and_unverified" time="0.516" /><testcase classname="tests.test_auth_new.TestEmailVerification" name="test_verify_email_from_log" time="1.215" /><testcase classname="tests.test_auth_new.TestEmailVerification" name="test_verify_email_reuse_fails" time="0.046" /><testcase classname="tests.test_auth_new.TestEmailVerification" name="test_verify_email_invalid_token" time="0.045" /><testcase classname="tests.test_auth_new.TestForgotResetPassword" name="test_forgot_password_no_enumeration_unknown_email" time="0.048" /><testcase classname="tests.test_auth_new.TestForgotResetPassword" name="test_forgot_password_known_user_returns_success" time="0.231" /><testcase classname="tests.test_auth_new.TestForgotResetPassword" name="test_reset_password_flow" time="2.188" /><testcase classname="tests.test_auth_new.TestForgotResetPassword" name="test_reset_password_reuse_fails" time="0.047" /><testcase classname="tests.test_auth_new.TestRefreshToken" name="test_refresh_rotates_token" time="0.052" /><testcase classname="tests.test_auth_new.TestRefreshToken" name="test_old_refresh_invalid_after_rotation" time="0.045" /><testcase classname="tests.test_auth_new.TestRefreshToken" name="test_logout_invalidates_refresh" time="0.098" /><testcase classname="tests.test_auth_new.TestRefreshToken" name="test_refresh_with_invalid_token" time="0.048" /><testcase classname="tests.test_auth_new.TestBackwardCompatibility" name="test_login_still_returns_token_and_now_refresh" time="0.344" /><testcase classname="tests.test_payment_hardening" name="test_verify_idempotency_and_signature" time="3.323" /><testcase classname="tests.test_payment_hardening" name="test_verify_invalid_signature" time="0.867" /><testcase classname="tests.test_payment_hardening" name="test_webhook_missing_signature" time="0.112" /><testcase classname="tests.test_payment_hardening" name="test_webhook_invalid_signature" time="0.144" /><testcase classname="tests.test_payment_hardening" name="test_webhook_valid_confirms_and_is_idempotent" time="1.419" /><testcase classname="tests.test_payment_hardening" name="test_invoice_owner_success" time="0.578" /><testcase classname="tests.test_payment_hardening" name="test_invoice_admin_can_fetch_any" time="0.146" /><testcase classname="tests.test_payment_hardening" name="test_invoice_non_owner_forbidden" time="0.536" /><testcase classname="tests.test_payment_hardening" name="test_invoice_unauthenticated" time="0.131" /><testcase classname="tests.test_payment_hardening" name="test_cod_backtoback" time="1.523" /><testcase classname="tests.test_orders_lifecycle" name="test_cancel_order_restocks_and_refunds_payment" time="1.147" /><testcase classname="tests.test_orders_lifecycle" name="test_cancel_order_twice_returns_400" time="0.293" /><testcase classname="tests.test_orders_lifecycle" name="test_cancel_shipped_order_returns_400" time="0.287" /><testcase classname="tests.test_orders_lifecycle" name="test_cancel_other_users_order_returns_404" time="0.587" /><testcase classname="tests.test_orders_lifecycle" name="test_return_before_delivered_returns_400" time="0.239" /><testcase classname="tests.test_orders_lifecycle" name="test_return_missing_reason_returns_400" time="0.279" /><testcase classname="tests.test_orders_lifecycle" name="test_return_created_on_delivered" time="0.289" /><testcase classname="tests.test_orders_lifecycle" name="test_duplicate_open_return_returns_400" time="0.045" /><testcase classname="tests.test_orders_lifecycle" name="test_admin_returns_rbac" time="0.045" /><testcase classname="tests.test_orders_lifecycle" name="test_admin_returns_list" time="0.049" /><testcase classname="tests.test_orders_lifecycle" name="test_admin_return_full_lifecycle" time="1.108" /><testcase classname="tests.test_orders_lifecycle" name="test_admin_reject_return" time="0.406" /><testcase classname="tests.test_discovery" name="test_related_returns_up_to_4" time="0.134" /><testcase classname="tests.test_discovery" name="test_related_404_on_bad_slug" time="0.123" /><testcase classname="tests.test_discovery" name="test_fbt_returns_up_to_3" time="0.117" /><testcase classname="tests.test_discovery" name="test_fbt_404_bad_slug" time="0.129" /><testcase classname="tests.test_discovery" name="test_suggestions_empty_q" time="0.108" /><testcase classname="tests.test_discovery" name="test_suggestions_wool" time="0.123" /><testcase classname="tests.test_discovery" name="test_suggestions_case_insensitive" time="0.253" /><testcase classname="tests.test_discovery" name="test_suggestions_max_6" time="0.107" /><testcase classname="tests.test_discovery" name="test_product_by_bad_slug_returns_404_not_500" time="0.119" /><testcase classname="tests.test_discovery" name="test_product_by_good_slug" time="0.106" /></testsuite></testsuites>