<?xml version="1.0" encoding="utf-8"?><testsuites name="pytest tests"><testsuite name="pytest" errors="0" failures="0" skipped="0" tests="61" time="22.109" timestamp="2026-07-21T13:17:56.160717+00:00" hostname="agent-env-a6f243f5-a8e7-469c-95b2-1b9e220a6ba8"><testcase classname="" name="test_health" time="0.199" /><testcase classname="" name="test_register_new_user" time="0.418" /><testcase classname="" name="test_login_user" time="0.531" /><testcase classname="" name="test_login_invalid" time="0.371" /><testcase classname="" name="test_me" time="0.075" /><testcase classname="" name="test_products_list" time="0.073" /><testcase classname="" name="test_products_search" time="0.064" /><testcase classname="" name="test_products_category" time="0.079" /><testcase classname="" name="test_products_sort" time="0.068" /><testcase classname="" name="test_product_detail" time="0.069" /><testcase classname="" name="test_cart_flow" time="0.366" /><testcase classname="" name="test_wishlist_flow" time="0.283" /><testcase classname="" name="test_coupon_validate" time="0.067" /><testcase classname="" name="test_create_cod_order" time="0.235" /><testcase classname="" name="test_my_orders" time="0.073" /><testcase classname="" name="test_get_order" time="0.070" /><testcase classname="" name="test_razorpay_create_order" time="1.054" /><testcase classname="" name="test_reviews_for_product" time="0.063" /><testcase classname="" name="test_can_review" time="0.069" /><testcase classname="" name="test_admin_stats" time="0.494" /><testcase classname="" name="test_admin_orders" time="0.090" /><testcase classname="" name="test_admin_inventory" time="0.077" /><testcase classname="" name="test_admin_customers" time="0.077" /><testcase classname="" name="test_rbac_non_admin_forbidden" time="0.066" /><testcase classname="" name="test_admin_update_order_status" time="0.149" /><testcase classname="" name="test_admin_create_product" time="0.168" /><testcase classname="tests.test_auth_new.TestRegistration" name="test_register_returns_refresh_and_unverified" time="0.438" /><testcase classname="tests.test_auth_new.TestEmailVerification" name="test_verify_email_from_log" time="1.136" /><testcase classname="tests.test_auth_new.TestEmailVerification" name="test_verify_email_reuse_fails" time="0.059" /><testcase classname="tests.test_auth_new.TestEmailVerification" name="test_verify_email_invalid_token" time="0.064" /><testcase classname="tests.test_auth_new.TestForgotResetPassword" name="test_forgot_password_no_enumeration_unknown_email" time="0.071" /><testcase classname="tests.test_auth_new.TestForgotResetPassword" name="test_forgot_password_known_user_returns_success" time="0.154" /><testcase classname="tests.test_auth_new.TestForgotResetPassword" name="test_reset_password_flow" time="2.291" /><testcase classname="tests.test_auth_new.TestForgotResetPassword" name="test_reset_password_reuse_fails" time="0.056" /><testcase classname="tests.test_auth_new.TestRefreshToken" name="test_refresh_rotates_token" time="0.065" /><testcase classname="tests.test_auth_new.TestRefreshToken" name="test_old_refresh_invalid_after_rotation" time="0.057" /><testcase classname="tests.test_auth_new.TestRefreshToken" name="test_logout_invalidates_refresh" time="0.125" /><testcase classname="tests.test_auth_new.TestRefreshToken" name="test_refresh_with_invalid_token" time="0.071" /><testcase classname="tests.test_auth_new.TestBackwardCompatibility" name="test_login_still_returns_token_and_now_refresh" time="0.377" /><testcase classname="tests.test_payment_hardening" name="test_verify_idempotency_and_signature" time="2.655" /><testcase classname="tests.test_payment_hardening" name="test_verify_invalid_signature" time="0.848" /><testcase classname="tests.test_payment_hardening" name="test_webhook_missing_signature" time="0.111" /><testcase classname="tests.test_payment_hardening" name="test_webhook_invalid_signature" time="0.117" /><testcase classname="tests.test_payment_hardening" name="test_webhook_valid_confirms_and_is_idempotent" time="1.472" /><testcase classname="tests.test_payment_hardening" name="test_invoice_owner_success" time="0.609" /><testcase classname="tests.test_payment_hardening" name="test_invoice_admin_can_fetch_any" time="0.137" /><testcase classname="tests.test_payment_hardening" name="test_invoice_non_owner_forbidden" time="0.517" /><testcase classname="tests.test_payment_hardening" name="test_invoice_unauthenticated" time="0.102" /><testcase classname="tests.test_payment_hardening" name="test_cod_backtoback" time="1.170" /><testcase classname="tests.test_orders_lifecycle" name="test_cancel_order_restocks_and_refunds_payment" time="1.107" /><testcase classname="tests.test_orders_lifecycle" name="test_cancel_order_twice_returns_400" time="0.266" /><testcase classname="tests.test_orders_lifecycle" name="test_cancel_shipped_order_returns_400" time="0.265" /><testcase classname="tests.test_orders_lifecycle" name="test_cancel_other_users_order_returns_404" time="0.561" /><testcase classname="tests.test_orders_lifecycle" name="test_return_before_delivered_returns_400" time="0.222" /><testcase classname="tests.test_orders_lifecycle" name="test_return_missing_reason_returns_400" time="0.288" /><testcase classname="tests.test_orders_lifecycle" name="test_return_created_on_delivered" time="0.279" /><testcase classname="tests.test_orders_lifecycle" name="test_duplicate_open_return_returns_400" time="0.044" /><testcase classname="tests.test_orders_lifecycle" name="test_admin_returns_rbac" time="0.043" /><testcase classname="tests.test_orders_lifecycle" name="test_admin_returns_list" time="0.045" /><testcase classname="tests.test_orders_lifecycle" name="test_admin_return_full_lifecycle" time="0.511" /><testcase classname="tests.test_orders_lifecycle" name="test_admin_reject_return" time="0.340" /></testsuite></testsuites>